<?xml version="1.0" encoding="UTF-8"?>
<testng-results ignored="0" total="1" passed="1" failed="0" skipped="0">
  <reporter-output>
  </reporter-output>
  <suite started-at="2021-12-07T16:28:39 CET" name="Default suite" finished-at="2021-12-07T16:29:06 CET" duration-ms="27192">
    <groups>
      <group name="positive">
        <method signature="LoginCompleteShoppingLogout.loginAddItemCompleteShoppingAndLogout()[pri:1, instance:Test.LoginCompleteShoppingLogout@654f0d9c]" name="loginAddItemCompleteShoppingAndLogout" class="Test.LoginCompleteShoppingLogout"/>
      </group> <!-- positive -->
    </groups>
    <test started-at="2021-12-07T16:28:39 CET" name="Default test" finished-at="2021-12-07T16:29:06 CET" duration-ms="27192">
      <class name="Test.LoginCompleteShoppingLogout">
        <test-method is-config="true" signature="setUp()[pri:0, instance:Test.LoginCompleteShoppingLogout@654f0d9c]" started-at="2021-12-07T16:28:39 CET" name="setUp" finished-at="2021-12-07T16:28:44 CET" duration-ms="4462" status="PASS">
          <reporter-output>
          </reporter-output>
        </test-method> <!-- setUp -->
        <test-method signature="loginAddItemCompleteShoppingAndLogout()[pri:1, instance:Test.LoginCompleteShoppingLogout@654f0d9c]" started-at="2021-12-07T16:28:44 CET" name="loginAddItemCompleteShoppingAndLogout" finished-at="2021-12-07T16:29:06 CET" duration-ms="22685" status="PASS">
          <reporter-output>
          </reporter-output>
        </test-method> <!-- loginAddItemCompleteShoppingAndLogout -->
        <test-method is-config="true" signature="tearDown()[pri:0, instance:Test.LoginCompleteShoppingLogout@654f0d9c]" started-at="2021-12-07T16:29:06 CET" name="tearDown" finished-at="2021-12-07T16:29:06 CET" duration-ms="1" status="PASS">
          <reporter-output>
          </reporter-output>
        </test-method> <!-- tearDown -->
      </class> <!-- Test.LoginCompleteShoppingLogout -->
    </test> <!-- Default test -->
  </suite> <!-- Default suite -->
</testng-results>
